[0m12:07:58.750532 [debug] [MainThread]: Sending event: {'category': 'dbt', 'action': 'invocation', 'label': 'start', 'context': [<snowplow_tracker.self_describing_json.SelfDescribingJson object at 0x0000029898F6B010>, <snowplow_tracker.self_describing_json.SelfDescribingJson object at 0x000002989C39D790>, <snowplow_tracker.self_describing_json.SelfDescribingJson object at 0x0000029898F714D0>]}


============================== 12:07:58.766504 | 5461e3a9-3810-40a7-9055-058379764cfe ==============================
[0m12:07:58.766504 [info ] [MainThread]: Running with dbt=1.9.4
[0m12:07:58.766504 [debug] [MainThread]: running dbt with arguments {'printer_width': '80', 'indirect_selection': 'eager', 'write_json': 'True', 'log_cache_events': 'False', 'partial_parse': 'True', 'cache_selected_only': 'False', 'warn_error': 'None', 'fail_fast': 'False', 'version_check': 'True', 'log_path': 'logs', 'profiles_dir': './', 'debug': 'False', 'use_colors': 'True', 'use_experimental_parser': 'False', 'empty': 'None', 'quiet': 'False', 'no_print': 'None', 'warn_error_options': 'WarnErrorOptions(include=[], exclude=[])', 'introspect': 'True', 'log_format': 'default', 'static_parser': 'True', 'target_path': 'None', 'invocation_command': 'dbt init --profiles-dir ./', 'send_anonymous_usage_stats': 'True'}
[0m12:08:06.085064 [debug] [MainThread]: Starter project path: C:\Users\ADMIN\miniconda3\envs\dbt-env\Lib\site-packages\dbt\include\starter_project
[0m12:08:06.117841 [info ] [MainThread]: 
Your new dbt project "shopee_ecom" was created!

For more information on how to configure the profiles.yml file,
please consult the dbt documentation here:

  https://docs.getdbt.com/docs/configure-your-profile

One more thing:

Need help? Don't hesitate to reach out to us via GitHub issues or on Slack:

  https://community.getdbt.com/

Happy modeling!

[0m12:08:06.119600 [info ] [MainThread]: Setting up your profile.
[0m12:08:55.004667 [info ] [MainThread]: Profile shopee_ecom written to profiles.yml using target's profile_template.yml and your supplied values. Run 'dbt debug' to validate the connection.
[0m12:08:55.007819 [debug] [MainThread]: Command `dbt init` succeeded at 12:08:55.007819 after 56.34 seconds
[0m12:08:55.008958 [debug] [MainThread]: Sending event: {'category': 'dbt', 'action': 'invocation', 'label': 'end', 'context': [<snowplow_tracker.self_describing_json.SelfDescribingJson object at 0x000002989C370150>, <snowplow_tracker.self_describing_json.SelfDescribingJson object at 0x0000029895B65690>, <snowplow_tracker.self_describing_json.SelfDescribingJson object at 0x000002989C3640D0>]}
[0m12:08:55.008958 [debug] [MainThread]: Flushing usage events
[0m12:08:56.088060 [debug] [MainThread]: An error was encountered while trying to flush usage events
[0m17:40:46.604650 [debug] [MainThread]: Sending event: {'category': 'dbt', 'action': 'invocation', 'label': 'start', 'context': [<snowplow_tracker.self_describing_json.SelfDescribingJson object at 0x00000254C0CD4190>, <snowplow_tracker.self_describing_json.SelfDescribingJson object at 0x00000254C0D0D690>, <snowplow_tracker.self_describing_json.SelfDescribingJson object at 0x00000254C0D2A990>]}


============================== 17:40:46.614595 | 9518d6c1-ba1f-47b1-a631-25e80aa1fd78 ==============================
[0m17:40:46.614595 [info ] [MainThread]: Running with dbt=1.9.4
[0m17:40:46.618957 [debug] [MainThread]: running dbt with arguments {'printer_width': '80', 'indirect_selection': 'eager', 'write_json': 'True', 'log_cache_events': 'False', 'partial_parse': 'True', 'cache_selected_only': 'False', 'warn_error': 'None', 'fail_fast': 'False', 'version_check': 'True', 'log_path': 'logs', 'profiles_dir': 'C:\\Users\\ADMIN\\.dbt', 'debug': 'False', 'use_colors': 'True', 'use_experimental_parser': 'False', 'empty': 'None', 'quiet': 'False', 'no_print': 'None', 'warn_error_options': 'WarnErrorOptions(include=[], exclude=[])', 'invocation_command': 'dbt debug', 'static_parser': 'True', 'introspect': 'True', 'target_path': 'None', 'log_format': 'default', 'send_anonymous_usage_stats': 'True'}
[0m17:40:46.694867 [info ] [MainThread]: dbt version: 1.9.4
[0m17:40:46.695983 [info ] [MainThread]: python version: 3.11.11
[0m17:40:46.695983 [info ] [MainThread]: python path: C:\Users\ADMIN\miniconda3\envs\dbt-env\python.exe
[0m17:40:46.695983 [info ] [MainThread]: os info: Windows-10-10.0.22631-SP0
[0m17:40:46.702996 [info ] [MainThread]: Using profiles dir at C:\Users\ADMIN\.dbt
[0m17:40:46.702996 [info ] [MainThread]: Using profiles.yml file at C:\Users\ADMIN\.dbt\profiles.yml
[0m17:40:46.702996 [info ] [MainThread]: Using dbt_project.yml file at C:\my_workspace\project_fde\ecommerce-pipeline\dbt_project.yml
[0m17:40:46.710689 [info ] [MainThread]: Configuration:
[0m17:40:46.710689 [info ] [MainThread]:   profiles.yml file [[31mERROR not found[0m]
[0m17:40:46.714570 [info ] [MainThread]:   dbt_project.yml file [[31mERROR not found[0m]
[0m17:40:46.714570 [info ] [MainThread]: Required dependencies:
[0m17:40:46.717576 [debug] [MainThread]: Executing "git --help"
[0m17:40:46.818675 [debug] [MainThread]: STDOUT: "b"usage: git [-v | --version] [-h | --help] [-C <path>] [-c <name>=<value>]\n           [--exec-path[=<path>]] [--html-path] [--man-path] [--info-path]\n           [-p | --paginate | -P | --no-pager] [--no-replace-objects] [--no-lazy-fetch]\n           [--no-optional-locks] [--no-advice] [--bare] [--git-dir=<path>]\n           [--work-tree=<path>] [--namespace=<name>] [--config-env=<name>=<envvar>]\n           <command> [<args>]\n\nThese are common Git commands used in various situations:\n\nstart a working area (see also: git help tutorial)\n   clone      Clone a repository into a new directory\n   init       Create an empty Git repository or reinitialize an existing one\n\nwork on the current change (see also: git help everyday)\n   add        Add file contents to the index\n   mv         Move or rename a file, a directory, or a symlink\n   restore    Restore working tree files\n   rm         Remove files from the working tree and from the index\n\nexamine the history and state (see also: git help revisions)\n   bisect     Use binary search to find the commit that introduced a bug\n   diff       Show changes between commits, commit and working tree, etc\n   grep       Print lines matching a pattern\n   log        Show commit logs\n   show       Show various types of objects\n   status     Show the working tree status\n\ngrow, mark and tweak your common history\n   backfill   Download missing objects in a partial clone\n   branch     List, create, or delete branches\n   commit     Record changes to the repository\n   merge      Join two or more development histories together\n   rebase     Reapply commits on top of another base tip\n   reset      Reset current HEAD to the specified state\n   switch     Switch branches\n   tag        Create, list, delete or verify a tag object signed with GPG\n\ncollaborate (see also: git help workflows)\n   fetch      Download objects and refs from another repository\n   pull       Fetch from and integrate with another repository or a local branch\n   push       Update remote refs along with associated objects\n\n'git help -a' and 'git help -g' list available subcommands and some\nconcept guides. See 'git help <command>' or 'git help <concept>'\nto read about a specific subcommand or concept.\nSee 'git help git' for an overview of the system.\n""
[0m17:40:46.819705 [debug] [MainThread]: STDERR: "b''"
[0m17:40:46.820768 [info ] [MainThread]:  - git [[32mOK found[0m]

[0m17:40:46.823193 [info ] [MainThread]: Connection test skipped since no profile was found
[0m17:40:46.824768 [info ] [MainThread]: [31m2 checks failed:[0m
[0m17:40:46.824768 [info ] [MainThread]: dbt looked for a profiles.yml file in C:\Users\ADMIN\.dbt\profiles.yml, but did
not find one. For more information on configuring your profile, consult the
documentation:

https://docs.getdbt.com/docs/configure-your-profile


[0m17:40:46.828695 [info ] [MainThread]: Project loading failed for the following reason:
 project path <C:\my_workspace\project_fde\ecommerce-pipeline\dbt_project.yml> not found

[0m17:40:46.830137 [debug] [MainThread]: Command `dbt debug` failed at 17:40:46.830137 after 0.43 seconds
[0m17:40:46.835151 [debug] [MainThread]: Sending event: {'category': 'dbt', 'action': 'invocation', 'label': 'end', 'context': [<snowplow_tracker.self_describing_json.SelfDescribingJson object at 0x00000254C0CE01D0>, <snowplow_tracker.self_describing_json.SelfDescribingJson object at 0x00000254C0D2B2D0>, <snowplow_tracker.self_describing_json.SelfDescribingJson object at 0x00000254BA5057D0>]}
[0m17:40:46.835151 [debug] [MainThread]: Flushing usage events
[0m17:40:48.489132 [debug] [MainThread]: An error was encountered while trying to flush usage events
